#
# A fatal error has been detected by the Java Runtime Environment:
#
#  Internal Error (javaClasses.cpp:136), pid=11896, tid=11924
#  fatal error: Invalid layout of preloaded class
#
# JRE version:  (7.0_76-b13) (build )
# Java VM: Java HotSpot(TM) 64-Bit Server VM (24.76-b04 mixed mode windows-amd64 compressed oops)
# Failed to write core dump. Minidumps are not enabled by default on client versions of Windows
#
# If you would like to submit a bug report, please visit:
#   http://bugreport.java.com/bugreport/crash.jsp
#

---------------  T H R E A D  ---------------

Current thread (0x00000000023df000):  JavaThread "Unknown thread" [_thread_in_vm, id=11924, stack(0x00000000026d0000,0x00000000027d0000)]

Stack: [0x00000000026d0000,0x00000000027d0000]
[error occurred during error reporting (printing stack bounds), id 0xc0000005]


---------------  P R O C E S S  ---------------

Java Threads: ( => current thread )

Other Threads:

=>0x00000000023df000 (exited) JavaThread "Unknown thread" [_thread_in_vm, id=11924, stack(0x00000000026d0000,0x00000000027d0000)]

VM state:not at safepoint (not fully initialized)

VM Mutex/Monitor currently owned by a thread: None

GC Heap History (0 events):
No events

Deoptimization events (0 events):
No events

Internal exceptions (0 events):
No events

Events (10 events):
Event: 0.030 loading class 0x000000000245c7f0 done
Event: 0.030 loading class 0x000000000245c1f0 done
Event: 0.030 loading class 0x000000000245c1d0
Event: 0.030 loading class 0x0000000002464380
Event: 0.031 loading class 0x0000000002464380 done
Event: 0.031 loading class 0x00000000024643b0
Event: 0.031 loading class 0x00000000024643b0 done
Event: 0.031 loading class 0x00000000024643e0
Event: 0.031 loading class 0x00000000024643e0 done
Event: 0.031 loading class 0x000000000245c1d0 done


Dynamic libraries:
0x000000013f2d0000 - 0x000000013f303000 	C:\Program Files\Java\jdk1.7.0_76\bin\javaw.exe
0x0000000077920000 - 0x0000000077ac8000 	C:\Windows\SYSTEM32\ntdll.dll
0x0000000077800000 - 0x000000007791f000 	C:\Windows\system32\kernel32.dll
0x000007fefd8a0000 - 0x000007fefd90c000 	C:\Windows\system32\KERNELBASE.dll
0x000007fefdd70000 - 0x000007fefde4b000 	C:\Windows\system32\ADVAPI32.dll
0x000007fefdaf0000 - 0x000007fefdb8f000 	C:\Windows\system32\msvcrt.dll
0x000007fefdad0000 - 0x000007fefdaef000 	C:\Windows\SYSTEM32\sechost.dll
0x000007feff460000 - 0x000007feff58d000 	C:\Windows\system32\RPCRT4.dll
0x0000000077700000 - 0x00000000777fa000 	C:\Windows\system32\USER32.dll
0x000007feffbc0000 - 0x000007feffc27000 	C:\Windows\system32\GDI32.dll
0x000007feffb10000 - 0x000007feffb1e000 	C:\Windows\system32\LPK.dll
0x000007fefd910000 - 0x000007fefd9d9000 	C:\Windows\system32\USP10.dll
0x000007fefbf10000 - 0x000007fefc104000 	C:\Windows\WinSxS\amd64_microsoft.windows.common-controls_6595b64144ccf1df_6.0.7601.17514_none_fa396087175ac9ac\COMCTL32.dll
0x000007feffa60000 - 0x000007feffad1000 	C:\Windows\system32\SHLWAPI.dll
0x000007feffae0000 - 0x000007feffb0e000 	C:\Windows\system32\IMM32.DLL
0x000007fefe240000 - 0x000007fefe349000 	C:\Windows\system32\MSCTF.dll
0x00000000626c0000 - 0x0000000062792000 	C:\Program Files\Java\jdk1.7.0_76\jre\bin\msvcr100.dll
0x00000000627a0000 - 0x0000000062f75000 	C:\Program Files\Java\jdk1.7.0_76\jre\bin\server\jvm.dll
0x000007fefa2a0000 - 0x000007fefa2a9000 	C:\Windows\system32\WSOCK32.dll
0x000007fefde50000 - 0x000007fefde9d000 	C:\Windows\system32\WS2_32.dll
0x000007fefdac0000 - 0x000007fefdac8000 	C:\Windows\system32\NSI.dll
0x000007fefd640000 - 0x000007fefd67b000 	C:\Windows\system32\WINMM.dll
0x0000000077af0000 - 0x0000000077af7000 	C:\Windows\system32\PSAPI.DLL
0x0000000067a40000 - 0x0000000067a4f000 	C:\Program Files\Java\jdk1.7.0_76\jre\bin\verify.dll
0x00000000667a0000 - 0x00000000667c8000 	C:\Program Files\Java\jdk1.7.0_76\jre\bin\java.dll
0x0000000066780000 - 0x0000000066795000 	C:\Program Files\Java\jdk1.7.0_76\jre\bin\zip.dll

VM Arguments:
jvm_args: -Dfile.encoding=GBK -Xbootclasspath:C:\Android\sdk\platforms\android-22\android.jar 
java_command: com.stu.mgp.BussinessCardRecognition.ChiSimExtractor
Launcher Type: SUN_STANDARD

Environment Variables:
JAVA_HOME=C:\Program Files\Java\jdk1.7.0_76
PATH=C:/Program Files/Java/jdk1.7.0_76/bin/../jre/bin/server;C:/Program Files/Java/jdk1.7.0_76/bin/../jre/bin;C:/Program Files/Java/jdk1.7.0_76/bin/../jre/lib/amd64;C:\Program Files\Java\jdk1.7.0_76\bin;C:\Windows\system32;C:\Windows;C:\Windows\System32\Wbem;C:\Windows\System32\WindowsPowerShell\v1.0\;D:\Program Files (x86)\Tesseract-OCR;C:\Android\sdk\tools;C:\Android\sdk\platform-tools;C:\Android\sdk\build-tools\22.0.1;D:\apache-ant-1.9.4\bin;C:\android-ndk-r9b;D:\Python34;C:\Android\eclipse;
USERNAME=mgp
OS=Windows_NT
PROCESSOR_IDENTIFIER=Intel64 Family 6 Model 42 Stepping 7, GenuineIntel



---------------  S Y S T E M  ---------------

OS: Windows 7 , 64 bit Build 7601 Service Pack 1

CPU:total 4 (2 cores per cpu, 2 threads per core) family 6 model 42 stepping 7, cmov, cx8, fxsr, mmx, sse, sse2, sse3, ssse3, sse4.1, sse4.2, popcnt, avx, ht, tsc, tscinvbit

Memory: 4k page, physical 8236912k(4314616k free), swap 16471972k(12072068k free)

vm_info: Java HotSpot(TM) 64-Bit Server VM (24.76-b04) for windows-amd64 JRE (1.7.0_76-b13), built on Dec 18 2014 16:31:25 by "java_re" with unknown MS VC++:1600

time: Fri May 15 16:25:28 2015
elapsed time: 0 seconds

